mode: set
backend/internals/services/login_service.go:25.131,31.2 1 1
backend/internals/services/login_service.go:33.88,36.16 2 1
backend/internals/services/login_service.go:36.16,38.3 1 1
backend/internals/services/login_service.go:41.2,42.16 2 1
backend/internals/services/login_service.go:42.16,44.3 1 1
backend/internals/services/login_service.go:46.2,46.22 1 1
backend/internals/services/login_service.go:49.97,52.52 2 1
backend/internals/services/login_service.go:52.52,54.3 1 1
backend/internals/services/login_service.go:57.2,58.16 2 0
backend/internals/services/login_service.go:58.16,59.46 1 0
backend/internals/services/login_service.go:59.46,61.4 1 0
backend/internals/services/login_service.go:64.2,64.20 1 0
backend/internals/services/login_service.go:64.20,75.53 2 0
backend/internals/services/login_service.go:75.53,77.4 1 0
backend/internals/services/login_service.go:80.2,80.18 1 0
backend/internals/services/login_service.go:83.89,92.17 4 1
backend/internals/services/login_service.go:92.17,94.3 1 1
backend/internals/services/login_service.go:96.2,96.29 1 1
backend/internals/services/profile_service.go:12.77,16.2 1 1
backend/internals/services/profile_service.go:18.80,20.15 2 1
backend/internals/services/profile_service.go:20.15,22.3 1 1
backend/internals/services/profile_service.go:24.2,32.20 2 1
backend/internals/controllers/login_controller.go:28.96,34.63 2 1
backend/internals/controllers/login_controller.go:34.63,37.17 3 1
backend/internals/controllers/login_controller.go:37.17,39.4 1 0
backend/internals/controllers/login_controller.go:41.3,42.17 2 1
backend/internals/controllers/login_controller.go:42.17,44.4 1 0
backend/internals/controllers/login_controller.go:46.3,53.20 2 1
backend/internals/controllers/login_controller.go:56.2,56.19 1 0
backend/internals/controllers/login_controller.go:65.61,67.2 1 1
backend/internals/controllers/login_controller.go:79.61,82.44 2 1
backend/internals/controllers/login_controller.go:82.44,86.3 1 1
backend/internals/controllers/login_controller.go:89.2,89.52 1 1
backend/internals/controllers/login_controller.go:89.52,95.3 3 1
backend/internals/controllers/login_controller.go:97.2,98.16 2 1
backend/internals/controllers/login_controller.go:98.16,103.3 1 1
backend/internals/controllers/login_controller.go:105.2,106.17 2 1
backend/internals/controllers/login_controller.go:106.17,111.3 1 1
backend/internals/controllers/login_controller.go:113.2,114.17 2 1
backend/internals/controllers/login_controller.go:114.17,119.3 1 1
backend/internals/controllers/login_controller.go:122.2,129.4 2 1
backend/internals/controllers/profile_controller.go:16.81,20.2 1 1
backend/internals/controllers/profile_controller.go:31.65,39.16 5 1
backend/internals/controllers/profile_controller.go:39.16,44.3 1 1
backend/internals/controllers/profile_controller.go:46.2,46.36 1 1
