mode: atomic
backend/internals/services/course_service.go:13.79,17.2 1 10
backend/internals/services/course_service.go:19.98,21.15 2 0
backend/internals/services/course_service.go:21.15,23.3 1 0
backend/internals/services/course_service.go:24.2,26.33 2 0
backend/internals/services/course_service.go:26.33,34.3 1 0
backend/internals/services/course_service.go:36.2,36.20 1 0
backend/internals/services/course_service.go:39.80,41.16 2 2
backend/internals/services/course_service.go:41.16,43.3 1 1
backend/internals/services/course_service.go:45.2,50.27 2 1
backend/internals/services/course_service.go:53.110,55.16 2 2
backend/internals/services/course_service.go:55.16,57.3 1 1
backend/internals/services/course_service.go:59.2,62.8 1 1
backend/internals/services/course_service.go:65.98,67.15 2 6
backend/internals/services/course_service.go:67.15,70.3 2 1
backend/internals/services/course_service.go:71.2,71.24 1 5
backend/internals/services/course_service.go:71.24,73.3 1 1
backend/internals/services/course_service.go:75.2,76.37 2 4
backend/internals/services/course_service.go:76.37,78.16 2 4
backend/internals/services/course_service.go:78.16,81.4 2 1
backend/internals/services/course_service.go:83.3,84.28 2 3
backend/internals/services/course_service.go:84.28,87.4 2 2
backend/internals/services/course_service.go:89.3,91.21 3 3
backend/internals/services/course_service.go:91.21,93.17 2 2
backend/internals/services/course_service.go:93.17,96.5 2 1
backend/internals/services/course_service.go:97.4,97.20 1 1
backend/internals/services/course_service.go:97.20,100.5 2 1
backend/internals/services/course_service.go:103.3,114.5 1 2
backend/internals/services/course_service.go:117.2,117.20 1 2
backend/internals/services/login_service.go:25.131,31.2 1 6
backend/internals/services/login_service.go:33.88,36.16 2 3
backend/internals/services/login_service.go:36.16,38.3 1 1
backend/internals/services/login_service.go:41.2,42.16 2 2
backend/internals/services/login_service.go:42.16,44.3 1 1
backend/internals/services/login_service.go:46.2,46.22 1 1
backend/internals/services/login_service.go:49.97,52.52 2 1
backend/internals/services/login_service.go:52.52,54.3 1 1
backend/internals/services/login_service.go:57.2,58.16 2 0
backend/internals/services/login_service.go:58.16,59.46 1 0
backend/internals/services/login_service.go:59.46,61.4 1 0
backend/internals/services/login_service.go:64.2,64.20 1 0
backend/internals/services/login_service.go:64.20,74.53 2 0
backend/internals/services/login_service.go:74.53,76.4 1 0
backend/internals/services/login_service.go:79.2,79.18 1 0
backend/internals/services/login_service.go:82.89,91.17 4 2
backend/internals/services/login_service.go:91.17,93.3 1 1
backend/internals/services/login_service.go:95.2,95.29 1 1
backend/internals/services/profile_service.go:12.77,16.2 1 4
backend/internals/services/profile_service.go:18.80,20.15 2 2
backend/internals/services/profile_service.go:20.15,22.3 1 1
backend/internals/services/profile_service.go:24.2,32.20 2 1
backend/internals/services/profile_service.go:35.79,37.16 2 2
backend/internals/services/profile_service.go:37.16,39.3 1 1
backend/internals/services/profile_service.go:41.2,45.20 2 1
backend/internals/services/progress_service.go:13.121,18.2 1 3
backend/internals/services/progress_service.go:20.96,22.19 2 3
backend/internals/services/progress_service.go:22.19,24.6 1 1
backend/internals/services/progress_service.go:26.5,27.19 2 2
backend/internals/services/progress_service.go:27.19,29.6 1 0
backend/internals/services/progress_service.go:31.5,32.29 2 2
backend/internals/services/progress_service.go:32.29,33.38 1 3
backend/internals/services/progress_service.go:33.38,37.28 3 5
backend/internals/services/progress_service.go:37.28,39.10 2 2
backend/internals/services/progress_service.go:44.5,45.24 2 2
backend/internals/services/progress_service.go:45.24,47.6 1 1
backend/internals/services/progress_service.go:49.5,51.27 2 1
backend/internals/controllers/course_controller.go:16.77,20.2 1 7
backend/internals/controllers/course_controller.go:32.68,35.46 2 0
backend/internals/controllers/course_controller.go:35.46,40.3 1 0
backend/internals/controllers/course_controller.go:42.2,43.16 2 0
backend/internals/controllers/course_controller.go:43.16,48.3 1 0
backend/internals/controllers/course_controller.go:50.2,50.32 1 0
backend/internals/controllers/course_controller.go:62.65,68.16 5 2
backend/internals/controllers/course_controller.go:68.16,73.3 1 1
backend/internals/controllers/course_controller.go:75.2,75.31 1 1
backend/internals/controllers/course_controller.go:88.72,91.46 2 2
backend/internals/controllers/course_controller.go:91.46,96.3 1 0
backend/internals/controllers/course_controller.go:98.2,99.16 2 2
backend/internals/controllers/course_controller.go:99.16,104.3 1 1
backend/internals/controllers/course_controller.go:106.2,106.35 1 1
backend/internals/controllers/course_controller.go:118.72,126.19 5 3
backend/internals/controllers/course_controller.go:126.19,132.6 2 1
backend/internals/controllers/course_controller.go:133.5,133.38 1 2
backend/internals/controllers/login_controller.go:28.96,34.63 2 7
backend/internals/controllers/login_controller.go:34.63,37.17 3 7
backend/internals/controllers/login_controller.go:37.17,39.4 1 0
backend/internals/controllers/login_controller.go:41.3,42.17 2 7
backend/internals/controllers/login_controller.go:42.17,44.4 1 0
backend/internals/controllers/login_controller.go:46.3,53.20 2 7
backend/internals/controllers/login_controller.go:56.2,56.19 1 0
backend/internals/controllers/login_controller.go:65.61,67.2 1 1
backend/internals/controllers/login_controller.go:79.61,82.44 2 6
backend/internals/controllers/login_controller.go:82.44,86.3 1 1
backend/internals/controllers/login_controller.go:89.2,89.52 1 5
backend/internals/controllers/login_controller.go:89.52,95.3 3 1
backend/internals/controllers/login_controller.go:97.2,98.16 2 4
backend/internals/controllers/login_controller.go:98.16,103.3 1 1
backend/internals/controllers/login_controller.go:105.2,106.17 2 3
backend/internals/controllers/login_controller.go:106.17,111.3 1 1
backend/internals/controllers/login_controller.go:113.2,114.17 2 2
backend/internals/controllers/login_controller.go:114.17,119.3 1 1
backend/internals/controllers/login_controller.go:122.2,129.4 2 1
backend/internals/controllers/profile_controller.go:17.81,21.2 1 4
backend/internals/controllers/profile_controller.go:32.65,40.16 5 2
backend/internals/controllers/profile_controller.go:40.16,45.3 1 1
backend/internals/controllers/profile_controller.go:47.2,47.36 1 1
backend/internals/controllers/profile_controller.go:59.61,67.16 5 2
backend/internals/controllers/profile_controller.go:67.16,72.3 1 1
backend/internals/controllers/profile_controller.go:74.2,74.34 1 1
backend/internals/controllers/progess_controller.go:15.90,19.2 1 3
backend/internals/controllers/progess_controller.go:33.75,41.54 5 3
backend/internals/controllers/progess_controller.go:41.54,46.3 1 1
backend/internals/controllers/progess_controller.go:48.2,49.16 2 2
backend/internals/controllers/progess_controller.go:49.16,54.3 1 1
backend/internals/controllers/progess_controller.go:57.2,57.35 1 1
